D:\代码\MYQQ\MYQQCLIENT\MYQQCLIENT\DEBUG\MYQQCLIENT.PCH
D:\代码\MYQQ\MYQQCLIENT\MYQQCLIENT\DEBUG\STDAFX.OBJ
D:\代码\MYQQ\MYQQCLIENT\MYQQCLIENT\DEBUG\VC110.PDB
D:\代码\MYQQ\MYQQCLIENT\MYQQCLIENT\DEBUG\MYAES.OBJ
D:\代码\MYQQ\MYQQCLIENT\MYQQCLIENT\DEBUG\AUDIOENCODE.OBJ
D:\代码\MYQQ\MYQQCLIENT\MYQQCLIENT\DEBUG\COLLECTAUDIO.OBJ
D:\代码\MYQQ\MYQQCLIENT\MYQQCLIENT\DEBUG\COLLECTCAMERA.OBJ
D:\代码\MYQQ\MYQQCLIENT\MYQQCLIENT\DEBUG\MYCOLLECTDESKTOP.OBJ
D:\代码\MYQQ\MYQQCLIENT\MYQQCLIENT\DEBUG\MYENCODE.OBJ
D:\代码\MYQQ\MYQQCLIENT\MYQQCLIENT\DEBUG\MYFFMPEG.OBJ
D:\代码\MYQQ\MYQQCLIENT\MYQQCLIENT\DEBUG\CGHEADDLG.OBJ
D:\代码\MYQQ\MYQQCLIENT\MYQQCLIENT\DEBUG\CHATFRIENDDLG.OBJ
D:\代码\MYQQ\MYQQCLIENT\MYQQCLIENT\DEBUG\MYDLGCHAT.OBJ
D:\代码\MYQQ\MYQQCLIENT\MYQQCLIENT\DEBUG\MYFRIEND.OBJ
D:\代码\MYQQ\MYQQCLIENT\MYQQCLIENT\DEBUG\MYQQCLIENT.OBJ
D:\代码\MYQQ\MYQQCLIENT\MYQQCLIENT\DEBUG\MYQQCLIENTDLG.OBJ
D:\代码\MYQQ\MYQQCLIENT\MYQQCLIENT\DEBUG\TCPCLIENT.OBJ
D:\代码\MYQQ\MYQQCLIENT\MYQQCLIENT\DEBUG\TCPMEDIATOR.OBJ
D:\代码\MYQQ\MYQQCLIENT\MYQQCLIENT\DEBUG\VIDEODLG.OBJ
D:\代码\MYQQ\MYQQCLIENT\DEBUG\MYQQCLIENT.ILK
D:\代码\MYQQ\MYQQCLIENT\DEBUG\MYQQCLIENT.EXE
D:\代码\MYQQ\MYQQCLIENT\DEBUG\MYQQCLIENT.PDB
D:\代码\MYQQ\MYQQCLIENT\MYQQCLIENT\DEBUG\MYQQCLIENT.RES
D:\代码\MyQQ\MyQQClient\MyQQClient\Debug\AudioEncode.obj
D:\代码\MyQQ\MyQQClient\MyQQClient\Debug\CgHeadDlg.obj
D:\代码\MyQQ\MyQQClient\MyQQClient\Debug\ChatFriendDlg.obj
D:\代码\MyQQ\MyQQClient\MyQQClient\Debug\CollectAudio.obj
D:\代码\MyQQ\MyQQClient\MyQQClient\Debug\CollectCamera.obj
D:\代码\MyQQ\MyQQClient\MyQQClient\Debug\MyAes.obj
D:\代码\MyQQ\MyQQClient\MyQQClient\Debug\MyCollectDesktop.obj
D:\代码\MyQQ\MyQQClient\MyQQClient\Debug\MyDlgChat.obj
D:\代码\MyQQ\MyQQClient\MyQQClient\Debug\MyEncode.obj
D:\代码\MyQQ\MyQQClient\MyQQClient\Debug\Myffmpeg.obj
D:\代码\MyQQ\MyQQClient\MyQQClient\Debug\MyFriend.obj
D:\代码\MyQQ\MyQQClient\MyQQClient\Debug\MyQQClient.obj
D:\代码\MyQQ\MyQQClient\MyQQClient\Debug\MyQQClientDlg.obj
D:\代码\MyQQ\MyQQClient\MyQQClient\Debug\stdafx.obj
D:\代码\MyQQ\MyQQClient\MyQQClient\Debug\TCPClient.obj
D:\代码\MyQQ\MyQQClient\MyQQClient\Debug\TCPMediator.obj
D:\代码\MyQQ\MyQQClient\MyQQClient\Debug\VideoDlg.obj
D:\代码\MyQQ\MyQQClient\MyQQClient\Debug\cl.command.1.tlog
D:\代码\MyQQ\MyQQClient\MyQQClient\Debug\CL.read.1.tlog
D:\代码\MyQQ\MyQQClient\MyQQClient\Debug\CL.write.1.tlog
D:\代码\MyQQ\MyQQClient\MyQQClient\Debug\link-cvtres.read.1.tlog
D:\代码\MyQQ\MyQQClient\MyQQClient\Debug\link-cvtres.write.1.tlog
D:\代码\MyQQ\MyQQClient\MyQQClient\Debug\link-mt.read.1.tlog
D:\代码\MyQQ\MyQQClient\MyQQClient\Debug\link-mt.write.1.tlog
D:\代码\MyQQ\MyQQClient\MyQQClient\Debug\link-rc.read.1.tlog
D:\代码\MyQQ\MyQQClient\MyQQClient\Debug\link-rc.write.1.tlog
D:\代码\MyQQ\MyQQClient\MyQQClient\Debug\link.command.1.tlog
D:\代码\MyQQ\MyQQClient\MyQQClient\Debug\link.read.1.tlog
D:\代码\MyQQ\MyQQClient\MyQQClient\Debug\link.write.1.tlog
D:\代码\MyQQ\MyQQClient\MyQQClient\Debug\rc.command.1.tlog
D:\代码\MyQQ\MyQQClient\MyQQClient\Debug\rc.read.1.tlog
D:\代码\MyQQ\MyQQClient\MyQQClient\Debug\rc.write.1.tlog
D:\代码\MyQQ\MyQQClient\MyQQClient\Debug\MyQQClient.res
D:\代码\MyQQ\MyQQClient\MyQQClient\Debug\MyQQClient.pch
D:\代码\MyQQ\MyQQClient\MyQQClient\Debug\vc110.idb
D:\代码\MyQQ\MyQQClient\MyQQClient\Debug\vc110.pdb
D:\代码\MyQQ\MyQQClient\Debug\MyQQClient.pdb
D:\代码\MyQQ\MyQQClient\Debug\MyQQClient.exe
D:\代码\MyQQ\MyQQClient\Debug\MyQQClient.ilk
