生成启动时间为 2019/5/20 18:58:30。
     1>项目“D:\代码\MyQQ\MyQQClient\MyQQClient\MyQQClient.vcxproj”在节点 2 上(Build 个目标)。
     1>ClCompile:
         D:\科林明伦\VC\bin\CL.exe /c /I../include /I../SDL /I../MyQQClient /I../FFMPEG /I../lib /I../AES /ZI /nologo /W3 /WX- /sdl /Od /Oy- /D WIN32 /D _WINDOWS /D _DEBUG /D _UNICODE /D UNICODE /D _AFXDLL /Gm /EHsc /RTC1 /MDd /GS /fp:precise /Zc:wchar_t /Zc:forScope /Yu"stdafx.h" /Fp"Debug\MyQQClient.pch" /Fo"Debug\\" /Fd"Debug\vc110.pdb" /Gd /TP /analyze- /errorReport:prompt ..\FFMPEG\AudioEncode.cpp ..\FFMPEG\CollectAudio.cpp ..\FFMPEG\CollectCamera.cpp CgHeadDlg.cpp ChatFriendDlg.cpp MyDlgChat.cpp MyFriend.cpp MyQQClient.cpp MyQQClientDlg.cpp TCPClient.cpp TCPMediator.cpp VideoDlg.cpp
         AudioEncode.cpp
         正在生成代码...
         正在编译...
         VideoDlg.cpp
     1>d:\代码\myqq\myqqclient\myqqclient\videodlg.cpp(200): warning C4800: “int”: 将值强制为布尔值“true”或“false”(性能警告)
     1>d:\代码\myqq\myqqclient\myqqclient\videodlg.cpp(201): warning C4800: “int”: 将值强制为布尔值“true”或“false”(性能警告)
     1>d:\代码\myqq\myqqclient\myqqclient\videodlg.cpp(202): warning C4800: “int”: 将值强制为布尔值“true”或“false”(性能警告)
         TCPMediator.cpp
         TCPClient.cpp
         MyQQClientDlg.cpp
         MyQQClient.cpp
         MyFriend.cpp
         MyDlgChat.cpp
     1>d:\代码\myqq\myqqclient\myqqclient\mydlgchat.cpp(188): warning C4244: “=”: 从“std::streamoff”转换到“int”，可能丢失数据
         ChatFriendDlg.cpp
         CgHeadDlg.cpp
         CollectCamera.cpp
         CollectAudio.cpp
         正在生成代码...
       Link:
         D:\科林明伦\VC\bin\link.exe /ERRORREPORT:PROMPT /OUT:"D:\代码\MyQQ\MyQQClient\Debug\MyQQClient.exe" /INCREMENTAL /NOLOGO /LIBPATH:"D:\代码\MyQQ\MyQQClient\FFMPEG\lib" SDL2.lib SDL2main.lib avcodec.lib avdevice.lib avfilter.lib swscale.lib avformat.lib avutil.lib postproc.lib swresample.lib /MANIFEST /MANIFESTUAC:"level='asInvoker' uiAccess='false'" /manifest:embed /manifestinput:"D:\科林明伦\VC\Include\Manifest\dpiaware.manifest" /DEBUG /PDB:"D:\代码\MyQQ\MyQQClient\Debug\MyQQClient.pdb" /SUBSYSTEM:WINDOWS /STACK:"20000000" /TLBID:1 /ENTRY:"wWinMainCRTStartup" /DYNAMICBASE /NXCOMPAT:NO /IMPLIB:"D:\代码\MyQQ\MyQQClient\Debug\MyQQClient.lib" /MACHINE:X86 Debug\MyQQClient.res
         Debug\MyAes.obj
         Debug\AudioEncode.obj
         Debug\CollectAudio.obj
         Debug\CollectCamera.obj
         Debug\MyCollectDesktop.obj
         Debug\MyEncode.obj
         Debug\Myffmpeg.obj
         Debug\CgHeadDlg.obj
         Debug\ChatFriendDlg.obj
         Debug\MyDlgChat.obj
         Debug\MyFriend.obj
         Debug\MyQQClient.obj
         Debug\MyQQClientDlg.obj
         Debug\stdafx.obj
         Debug\TCPClient.obj
         Debug\TCPMediator.obj
         Debug\VideoDlg.obj
         MyQQClient.vcxproj -> D:\代码\MyQQ\MyQQClient\Debug\MyQQClient.exe
     1>已完成生成项目“D:\代码\MyQQ\MyQQClient\MyQQClient\MyQQClient.vcxproj”(Build 个目标)的操作。

生成成功。

已用时间 00:00:30.03
