C:\USERS\LENOVO\DESKTOP\MYQQSERVER\MYQQSERVER\X64\DEBUG\MYQQSERVER.PCH
C:\USERS\LENOVO\DESKTOP\MYQQSERVER\MYQQSERVER\X64\DEBUG\STDAFX.OBJ
C:\USERS\LENOVO\DESKTOP\MYQQSERVER\MYQQSERVER\X64\DEBUG\VC110.PDB
C:\USERS\LENOVO\DESKTOP\MYQQSERVER\MYQQSERVER\X64\DEBUG\MYQQSERVER.OBJ
C:\USERS\LENOVO\DESKTOP\MYQQSERVER\MYQQSERVER\X64\DEBUG\MYQQSERVERDLG.OBJ
C:\USERS\LENOVO\DESKTOP\MYQQSERVER\MYQQSERVER\X64\DEBUG\MYSQL.OBJ
C:\USERS\LENOVO\DESKTOP\MYQQSERVER\MYQQSERVER\X64\DEBUG\TCPNET.OBJ
C:\USERS\LENOVO\DESKTOP\MYQQSERVER\MYQQSERVER\X64\DEBUG\TCPSERVER.OBJ
C:\Users\lenovo\Desktop\MyQQServer\MyQQServer\x64\Debug\MyQQServer.obj
C:\Users\lenovo\Desktop\MyQQServer\MyQQServer\x64\Debug\MyQQServerDlg.obj
C:\Users\lenovo\Desktop\MyQQServer\MyQQServer\x64\Debug\MySql.obj
C:\Users\lenovo\Desktop\MyQQServer\MyQQServer\x64\Debug\stdafx.obj
C:\Users\lenovo\Desktop\MyQQServer\MyQQServer\x64\Debug\TCPNet.obj
C:\Users\lenovo\Desktop\MyQQServer\MyQQServer\x64\Debug\TCPServer.obj
C:\Users\lenovo\Desktop\MyQQServer\MyQQServer\x64\Debug\cl.command.1.tlog
C:\Users\lenovo\Desktop\MyQQServer\MyQQServer\x64\Debug\CL.read.1.tlog
C:\Users\lenovo\Desktop\MyQQServer\MyQQServer\x64\Debug\CL.write.1.tlog
C:\Users\lenovo\Desktop\MyQQServer\MyQQServer\x64\Debug\MyQQServer.pch
C:\Users\lenovo\Desktop\MyQQServer\MyQQServer\x64\Debug\vc110.idb
C:\Users\lenovo\Desktop\MyQQServer\MyQQServer\x64\Debug\vc110.pdb
